<?xml version="1.0" encoding="UTF-8"?>
<!-- Generated by org.testng.reporters.JUnitReportReporter -->
<testsuite hostname="Robot" failures="0" tests="3" name="testscript1.LogoutTest" time="33.102" errors="0" timestamp="2025-05-07T19:49:53 IST" skipped="0">
  <testcase classname="testscript1.LogoutTest" name="verifyUserCanLogoutSuccessfully" time="15.089"/>
  <system-out/>
  <testcase classname="testscript1.LogoutTest" name="verifyUserCanLogoutSuccessfully" time="4.302"/>
  <system-out/>
  <testcase classname="testscript1.LogoutTest" name="verifyUserCanLogoutSuccessfully" time="13.711"/>
  <system-out/>
</testsuite> <!-- testscript1.LogoutTest -->
