<?xml version="1.0" encoding="UTF-8"?>
<!-- Generated by org.testng.reporters.JUnitReportReporter -->
<testsuite hostname="Robot" failures="0" tests="1" name="testscript1.AdminUserTest" time="5.128" errors="0" timestamp="2025-05-07T18:35:50 IST" skipped="0">
  <testcase classname="testscript1.AdminUserTest" name="verifyThatUserIsAbleToSaveUserDeatils" time="5.128"/>
  <system-out/>
</testsuite> <!-- testscript1.AdminUserTest -->
