<?xml version="1.0" encoding="UTF-8"?>
<!-- Generated by org.testng.reporters.JUnitReportReporter -->
<testsuite hostname="Robot" failures="0" tests="1" name="testscript1.LoginTest1" time="4.274" errors="0" timestamp="2025-05-07T22:19:36 IST" skipped="0">
  <testcase classname="testscript1.LoginTest1" name="verifyUserIsAbleToLoginUsingValidUsernameAndPassword" time="4.274"/>
  <system-out/>
</testsuite> <!-- testscript1.LoginTest1 -->
